<?xml version="1.0" encoding="UTF-8"?>
<testng-results ignored="0" total="1" passed="1" failed="0" skipped="0">
  <reporter-output>
  </reporter-output>
  <suite started-at="2021-06-29T13:34:33 IST" name="Default suite" finished-at="2021-06-29T13:35:26 IST" duration-ms="53326">
    <groups>
    </groups>
    <test started-at="2021-06-29T13:34:33 IST" name="Default test" finished-at="2021-06-29T13:35:26 IST" duration-ms="53326">
      <class name="com.crm.vtigerTests.CreateOrganisationWithIndustryTest">
        <test-method signature="createOrganisationWithIndustry()[pri:0, instance:com.crm.vtigerTests.CreateOrganisationWithIndustryTest@769e7ee8]" started-at="2021-06-29T13:34:33 IST" name="createOrganisationWithIndustry" finished-at="2021-06-29T13:35:26 IST" duration-ms="53180" status="PASS">
          <reporter-output>
          </reporter-output>
        </test-method> <!-- createOrganisationWithIndustry -->
      </class> <!-- com.crm.vtigerTests.CreateOrganisationWithIndustryTest -->
    </test> <!-- Default test -->
  </suite> <!-- Default suite -->
</testng-results>
